<?xml version="1.0" encoding="utf-8"?><testsuites name="pytest tests"><testsuite name="pytest" errors="0" failures="2" skipped="0" tests="20" time="7.782" timestamp="2026-05-02T13:56:28.523851+00:00" hostname="agent-env-7771d9e5-1773-4ea0-b2c3-1de5cbf3320f"><testcase classname="backend.tests.test_classes" name="test_list_classes_has_default" time="0.216" /><testcase classname="backend.tests.test_classes" name="test_create_class_unauthorized" time="0.142" /><testcase classname="backend.tests.test_classes" name="test_create_class_authorized_and_get" time="0.477" /><testcase classname="backend.tests.test_classes" name="test_default_class_backfilled_children" time="0.112" /><testcase classname="backend.tests.test_classes" name="test_create_child_missing_class_id_returns_422" time="0.164" /><testcase classname="backend.tests.test_classes" name="test_create_child_invalid_class_id_returns_400" time="0.107" /><testcase classname="backend.tests.test_classes" name="test_children_filter_by_class_id" time="0.830" /><testcase classname="backend.tests.test_classes" name="test_admin_overview_scoped_by_class" time="0.895" /><testcase classname="backend.tests.test_classes" name="test_delete_class_cascade_children_and_validations" time="0.944" /><testcase classname="backend.tests.test_classes" name="test_cannot_delete_last_class" time="0.663" /><testcase classname="backend.tests.test_api" name="test_root" time="0.102" /><testcase classname="backend.tests.test_api" name="test_list_children_seeded" time="0.113"><failure message="AssertionError: assert 'Léa' in ['Alexis G', 'Alexis G', 'Aloïs', 'Aysel', 'Crystobal', 'Damiano', ...]">backend/tests/test_api.py:21: in test_list_children_seeded
    assert n in names
E   AssertionError: assert 'Léa' in ['Alexis G', 'Alexis G', 'Aloïs', 'Aysel', 'Crystobal', 'Damiano', ...]</failure></testcase><testcase classname="backend.tests.test_api" name="test_list_workshops_seeded" time="0.113"><failure message="AssertionError: assert 'Peinture' in ['Scissor Practice', 'Easter Memory']">backend/tests/test_api.py:29: in test_list_workshops_seeded
    assert n in names
E   AssertionError: assert 'Peinture' in ['Scissor Practice', 'Easter Memory']</failure></testcase><testcase classname="backend.tests.test_api" name="test_admin_login_correct" time="0.098" /><testcase classname="backend.tests.test_api" name="test_admin_login_wrong" time="0.129" /><testcase classname="backend.tests.test_api" name="test_create_child_unauthorized" time="0.204" /><testcase classname="backend.tests.test_api" name="test_admin_overview_unauthorized" time="0.119" /><testcase classname="backend.tests.test_api" name="test_child_full_crud_and_validation_flow" time="1.931" /><testcase classname="backend.tests.test_api" name="test_delete_nonexistent" time="0.207" /><testcase classname="backend.tests.test_api" name="test_validation_invalid_child" time="0.113" /></testsuite></testsuites>