<?xml version="1.0" encoding="utf-8"?><testsuites name="pytest tests"><testsuite name="pytest" errors="0" failures="0" skipped="0" tests="9" time="3.301" timestamp="2026-05-02T13:13:56.770414+00:00" hostname="agent-env-7771d9e5-1773-4ea0-b2c3-1de5cbf3320f"><testcase classname="backend.tests.test_photos" name="test_upload_child_photo_unauthorized" time="0.314" /><testcase classname="backend.tests.test_photos" name="test_upload_workshop_photo_unauthorized" time="0.227" /><testcase classname="backend.tests.test_photos" name="test_upload_child_photo_success_and_serve" time="0.794" /><testcase classname="backend.tests.test_photos" name="test_upload_workshop_photo_success" time="0.532" /><testcase classname="backend.tests.test_photos" name="test_upload_unsupported_format" time="0.118" /><testcase classname="backend.tests.test_photos" name="test_upload_oversized_file" time="0.394" /><testcase classname="backend.tests.test_photos" name="test_delete_child_photo_unauthorized" time="0.104" /><testcase classname="backend.tests.test_photos" name="test_delete_child_photo_success" time="0.227" /><testcase classname="backend.tests.test_photos" name="test_delete_workshop_photo_success" time="0.507" /></testsuite></testsuites>