<?xml version="1.0" encoding="utf-8"?><testsuites name="pytest tests"><testsuite name="pytest" errors="0" failures="0" skipped="0" tests="10" time="3.445" timestamp="2026-05-02T13:03:01.920125+00:00" hostname="agent-env-7771d9e5-1773-4ea0-b2c3-1de5cbf3320f"><testcase classname="backend.tests.test_api" name="test_root" time="0.295" /><testcase classname="backend.tests.test_api" name="test_list_children_seeded" time="0.117" /><testcase classname="backend.tests.test_api" name="test_list_workshops_seeded" time="0.103" /><testcase classname="backend.tests.test_api" name="test_admin_login_correct" time="0.113" /><testcase classname="backend.tests.test_api" name="test_admin_login_wrong" time="0.146" /><testcase classname="backend.tests.test_api" name="test_create_child_unauthorized" time="0.163" /><testcase classname="backend.tests.test_api" name="test_admin_overview_unauthorized" time="0.126" /><testcase classname="backend.tests.test_api" name="test_child_full_crud_and_validation_flow" time="1.842" /><testcase classname="backend.tests.test_api" name="test_delete_nonexistent" time="0.227" /><testcase classname="backend.tests.test_api" name="test_validation_invalid_child" time="0.108" /></testsuite></testsuites>